<?xml version="1.0" encoding="UTF-8"?>
<testsuites name="Mocha Tests" time="10.840" tests="6" failures="0">
  <testsuite name="Root Suite" timestamp="2025-11-06T19:55:00" tests="0" time="0.000" failures="0">
  </testsuite>
  <testsuite name="test divers" timestamp="2025-11-06T19:55:00" tests="6" file="/Users/dominiquemereaux/code/javascript/TP/test/recherce.spec.js" time="10.840" failures="0">
    <testcase name="test divers recherche MUG" time="6.682" classname="recherche MUG">
    </testcase>
  </testsuite>
</testsuites>