{
  "stats": {
    "suites": 1,
    "tests": 2,
    "passes": 2,
    "pending": 0,
    "failures": 0,
    "start": "2025-11-07T09:17:03.043Z",
    "end": "2025-11-07T09:17:16.288Z",
    "duration": 13245,
    "testsRegistered": 2,
    "passPercent": 100,
    "pendingPercent": 0,
    "other": 0,
    "hasOther": false,
    "skipped": 0,
    "hasSkipped": false
  },
  "results": [
    {
      "uuid": "441c8f05-c6e0-4e44-ab4e-8c16befb2f33",
      "title": "",
      "fullFile": "/Users/dominiquemereaux/code/javascript/TP/test/recherchePO.spec.js",
      "file": "/test/recherchePO.spec.js",
      "beforeHooks": [],
      "afterHooks": [],
      "tests": [],
      "suites": [
        {
          "uuid": "88b315e4-b11f-4673-acb4-f557e0aafce1",
          "title": "recherche PO",
          "fullFile": "/Users/dominiquemereaux/code/javascript/TP/test/recherchePO.spec.js",
          "file": "/test/recherchePO.spec.js",
          "beforeHooks": [
            {
              "title": "\"before each\" hook in \"recherche PO\"",
              "fullTitle": "recherche PO \"before each\" hook in \"recherche PO\"",
              "timedOut": false,
              "duration": 1470,
              "state": null,
              "speed": null,
              "pass": false,
              "fail": false,
              "pending": false,
              "context": null,
              "code": "driver = await new Builder().forBrowser(data.navigateur).build();\ndriver.manage().setTimeouts( { implicit: 5000 } );\ndriver.get(data.baseUrl);\nhp= new HeaderPage(driver);\nvars = {}",
              "err": {},
              "uuid": "01d91513-d19c-4316-8de9-b23c6a8e812e",
              "parentUUID": "88b315e4-b11f-4673-acb4-f557e0aafce1",
              "isHook": true,
              "skipped": false
            }
          ],
          "afterHooks": [
            {
              "title": "\"after each\" hook in \"recherche PO\"",
              "fullTitle": "recherche PO \"after each\" hook in \"recherche PO\"",
              "timedOut": false,
              "duration": 397,
              "state": null,
              "speed": null,
              "pass": false,
              "fail": false,
              "pending": false,
              "context": null,
              "code": "await driver.quit();",
              "err": {},
              "uuid": "4b258381-aade-4de8-beed-9d5df305575d",
              "parentUUID": "88b315e4-b11f-4673-acb4-f557e0aafce1",
              "isHook": true,
              "skipped": false
            }
          ],
          "tests": [
            {
              "title": "Recherche MUG",
              "fullTitle": "recherche PO Recherche MUG",
              "timedOut": false,
              "duration": 4864,
              "state": "passed",
              "speed": "slow",
              "pass": true,
              "fail": false,
              "pending": false,
              "context": null,
              "code": "rp= await hp.enter_search(\"Mug\");\nmsg= await rp.returnMessage();\nassert.equal(msg, \"Il y a 5 produits.\",\"Le message est incorrect:\"+msg);\nassert.strictEqual(await rp.countProducts(),5,\"Le nombre de produits est incorrect\");\nexpect( await rp.verifyAllProductsContain(\"Mug\")).to.be.true;",
              "err": {},
              "uuid": "96332a1d-a050-4f0b-9ac9-71da38a64a19",
              "parentUUID": "88b315e4-b11f-4673-acb4-f557e0aafce1",
              "isHook": false,
              "skipped": false
            },
            {
              "title": "Recherche T-shirt",
              "fullTitle": "recherche PO Recherche T-shirt",
              "timedOut": false,
              "duration": 4444,
              "state": "passed",
              "speed": "slow",
              "pass": true,
              "fail": false,
              "pending": false,
              "context": null,
              "code": "rp= await hp.enter_search(\"T-shirt\");\nmsg= await rp.returnMessage();\nassert.equal(msg, \"Il y a 1 produit.\",\"Le message est incorrect:\"+msg);\nassert.strictEqual(await rp.countProducts(),1,\"Le nombre de produits est incorrect\");\nexpect( await rp.verifyAllProductsContain(\"T-shirt\")).to.be.true;",
              "err": {},
              "uuid": "f9af6cde-c406-4b61-887b-6d3715ae86a0",
              "parentUUID": "88b315e4-b11f-4673-acb4-f557e0aafce1",
              "isHook": false,
              "skipped": false
            }
          ],
          "suites": [],
          "passes": [
            "96332a1d-a050-4f0b-9ac9-71da38a64a19",
            "f9af6cde-c406-4b61-887b-6d3715ae86a0"
          ],
          "failures": [],
          "pending": [],
          "skipped": [],
          "duration": 9308,
          "root": false,
          "rootEmpty": false,
          "_timeout": 30000
        }
      ],
      "passes": [],
      "failures": [],
      "pending": [],
      "skipped": [],
      "duration": 0,
      "root": true,
      "rootEmpty": true,
      "_timeout": 2000
    }
  ],
  "meta": {
    "mocha": {
      "version": "11.7.4"
    },
    "mochawesome": {
      "options": {
        "quiet": false,
        "reportFilename": "mochawesome",
        "saveHtml": true,
        "saveJson": true,
        "consoleReporter": "spec",
        "useInlineDiffs": false,
        "code": true
      },
      "version": "7.1.4"
    },
    "marge": {
      "options": null,
      "version": "6.3.2"
    }
  }
}